0 info it worked if it ends with ok
1 verbose cli [ 'C:\\Program Files\\nodejs\\\\node.exe',
1 verbose cli   'C:\\Program Files\\nodejs\\node_modules\\npm\\bin\\npm-cli.js',
1 verbose cli   'install',
1 verbose cli   'socket.io' ]
2 info using npm@1.4.28
3 info using node@v0.10.33
4 verbose node symlink C:\Program Files\nodejs\\node.exe
5 verbose cache add [ 'socket.io', null ]
6 verbose cache add name=undefined spec="socket.io" args=["socket.io",null]
7 verbose parsed url { protocol: null,
7 verbose parsed url   slashes: null,
7 verbose parsed url   auth: null,
7 verbose parsed url   host: null,
7 verbose parsed url   port: null,
7 verbose parsed url   hostname: null,
7 verbose parsed url   hash: null,
7 verbose parsed url   search: null,
7 verbose parsed url   query: null,
7 verbose parsed url   pathname: 'socket.io',
7 verbose parsed url   path: 'socket.io',
7 verbose parsed url   href: 'socket.io' }
8 silly lockFile 71475bfd-socket-io socket.io
9 verbose lock socket.io C:\Users\pierre\AppData\Roaming\npm-cache\71475bfd-socket-io.lock
10 silly lockFile 71475bfd-socket-io socket.io
11 silly lockFile 71475bfd-socket-io socket.io
12 verbose addNamed [ 'socket.io', '' ]
13 verbose addNamed [ null, '*' ]
14 silly lockFile c03de861-socket-io socket.io@
15 verbose lock socket.io@ C:\Users\pierre\AppData\Roaming\npm-cache\c03de861-socket-io.lock
16 silly addNameRange { name: 'socket.io', range: '*', hasData: false }
17 verbose request where is /socket.io
18 verbose request registry https://registry.npmjs.org/
19 verbose request id be7eaf3feba3992b
20 verbose url raw /socket.io
21 verbose url resolving [ 'https://registry.npmjs.org/', './socket.io' ]
22 verbose url resolved https://registry.npmjs.org/socket.io
23 verbose request where is https://registry.npmjs.org/socket.io
24 info trying registry request attempt 1 at 20:10:34
25 http GET https://registry.npmjs.org/socket.io
26 info retry will retry, error on last attempt: Error: tunneling socket could not be established, cause=Parse Error
27 info trying registry request attempt 2 at 20:10:44
28 http GET https://registry.npmjs.org/socket.io
29 info retry will retry, error on last attempt: Error: tunneling socket could not be established, cause=Parse Error
30 info trying registry request attempt 3 at 20:11:44
31 http GET https://registry.npmjs.org/socket.io
32 silly lockFile c03de861-socket-io socket.io@
33 silly lockFile c03de861-socket-io socket.io@
34 error network tunneling socket could not be established, cause=Parse Error
34 error network This is most likely not a problem with npm itself
34 error network and is related to network connectivity.
34 error network In most cases you are behind a proxy or have bad network settings.
34 error network
34 error network If you are behind a proxy, please make sure that the
34 error network 'proxy' config is set properly.  See: 'npm help config'
35 error System Windows_NT 6.1.7601
36 error command "C:\\Program Files\\nodejs\\\\node.exe" "C:\\Program Files\\nodejs\\node_modules\\npm\\bin\\npm-cli.js" "install" "socket.io"
37 error cwd C:\Users\pierre\Desktop\Programmation\nuitinfo2014\server
38 error node -v v0.10.33
39 error npm -v 1.4.28
40 error code ECONNRESET
41 verbose exit [ 1, true ]
